<?xml version="1.0" encoding="UTF-8"?>
<!-- Generated by org.testng.reporters.JUnitXMLReporter -->
<testsuite hostname="DESKTOP-K28GJS7" ignored="0" name="hub spot Sanity Test" tests="2" failures="0" timestamp="10 Oct 2019 23:08:09 GMT" time="12.763" errors="0">
  <testcase name="@BeforeMethod setUp" time="12.599" classname="com.qa.hubspot.tests.LoginTest">
    <failure type="java.lang.Error" message="Unresolved compilation problem: 
	Syntax error on token &amp;quot;}&amp;quot;, delete this token
">
      <![CDATA[java.lang.Error: Unresolved compilation problem: 
Syntax error on token "}", delete this token

at com.qa.hubspot.pages.LoginPage.<init>(LoginPage.java:60)
at com.qa.hubspot.tests.LoginTest.setUp(LoginTest.java:26)
... Removed 28 stack frames]]>
    </failure>
  </testcase> <!-- @BeforeMethod setUp -->
  <testcase name="@AfterMethod tearDown" time="0.0" classname="com.qa.hubspot.tests.LoginTest">
    <skipped/>
  </testcase> <!-- @AfterMethod tearDown -->
  <testcase name="@BeforeMethod setUp" time="0.0" classname="com.qa.hubspot.tests.LoginTest">
    <skipped/>
  </testcase> <!-- @BeforeMethod setUp -->
  <testcase name="@AfterMethod tearDown" time="0.0" classname="com.qa.hubspot.tests.LoginTest">
    <skipped/>
  </testcase> <!-- @AfterMethod tearDown -->
  <testcase name="loginTest" time="0.0" classname="com.qa.hubspot.tests.LoginTest">
    <skipped/>
  </testcase> <!-- loginTest -->
  <testcase name="loginPageTitleTest" time="0.0" classname="com.qa.hubspot.tests.LoginTest">
    <skipped/>
  </testcase> <!-- loginPageTitleTest -->
</testsuite> <!-- hub spot Sanity Test -->
