<?xml version="1.0" encoding="UTF-8"?>
<!-- Generated by org.testng.reporters.JUnitXMLReporter -->
<testsuite hostname="DESKTOP-K28GJS7" ignored="1" name="Default test" tests="1" failures="0" timestamp="27 Aug 2019 19:13:30 GMT" time="11.215" errors="0">
  <testcase name="loginPageTitleTest" time="0.018" classname="com.qa.hubspot.tests.LoginTest"/>
  <testcase name="loginTest" time="0.0" classname="com.qa.hubspot.tests.LoginTest">
    <ignored/>
  </testcase> <!-- loginTest -->
</testsuite> <!-- Default test -->
