<?xml version="1.0" encoding="UTF-8"?>
<testng-results skipped="0" failed="0" ignored="0" total="2" passed="2">
  <reporter-output>
  </reporter-output>
  <suite name="Hub spot Test Sanity Suite" duration-ms="23336" started-at="2019-08-27T23:24:29Z" finished-at="2019-08-27T23:24:53Z">
    <groups>
    </groups>
    <test name="hub spot Sanity Test" duration-ms="23336" started-at="2019-08-27T23:24:29Z" finished-at="2019-08-27T23:24:53Z">
      <class name="com.qa.hubspot.tests.LoginTest">
        <test-method status="PASS" signature="setUp()[pri:0, instance:com.qa.hubspot.tests.LoginTest@3bfdc050]" name="setUp" is-config="true" duration-ms="11959" started-at="2019-08-27T23:24:29Z" finished-at="2019-08-27T23:24:41Z">
          <reporter-output>
          </reporter-output>
        </test-method> <!-- setUp -->
        <test-method status="PASS" signature="loginTest()[pri:1, instance:com.qa.hubspot.tests.LoginTest@3bfdc050]" name="loginTest" duration-ms="448" started-at="2019-08-27T23:24:41Z" description="login test with correct username and password......" finished-at="2019-08-27T23:24:42Z">
          <reporter-output>
          </reporter-output>
        </test-method> <!-- loginTest -->
        <test-method status="PASS" signature="tearDown()[pri:0, instance:com.qa.hubspot.tests.LoginTest@3bfdc050]" name="tearDown" is-config="true" duration-ms="655" started-at="2019-08-27T23:24:42Z" finished-at="2019-08-27T23:24:42Z">
          <reporter-output>
          </reporter-output>
        </test-method> <!-- tearDown -->
        <test-method status="PASS" signature="setUp()[pri:0, instance:com.qa.hubspot.tests.LoginTest@3bfdc050]" name="setUp" is-config="true" duration-ms="9583" started-at="2019-08-27T23:24:42Z" finished-at="2019-08-27T23:24:52Z">
          <reporter-output>
          </reporter-output>
        </test-method> <!-- setUp -->
        <test-method status="PASS" signature="loginPageTitleTest()[pri:2, instance:com.qa.hubspot.tests.LoginTest@3bfdc050]" name="loginPageTitleTest" duration-ms="10" started-at="2019-08-27T23:24:52Z" description="login page title test....." finished-at="2019-08-27T23:24:52Z">
          <reporter-output>
          </reporter-output>
        </test-method> <!-- loginPageTitleTest -->
        <test-method status="PASS" signature="tearDown()[pri:0, instance:com.qa.hubspot.tests.LoginTest@3bfdc050]" name="tearDown" is-config="true" duration-ms="647" started-at="2019-08-27T23:24:52Z" finished-at="2019-08-27T23:24:53Z">
          <reporter-output>
          </reporter-output>
        </test-method> <!-- tearDown -->
      </class> <!-- com.qa.hubspot.tests.LoginTest -->
    </test> <!-- hub spot Sanity Test -->
  </suite> <!-- Hub spot Test Sanity Suite -->
</testng-results>
